<?xml version="1.0" encoding="UTF-8"?>
<!-- Generated by org.testng.reporters.JUnitReportReporter -->
<testsuite hostname="TZYD46" failures="0" tests="1" name="Ume.List" time="5.241" errors="0" timestamp="2022-07-08T13:02:27 IST" skipped="0">
  <testcase classname="Ume.List" name="Testing" time="5.241"/>
  <system-out/>
</testsuite> <!-- Ume.List -->
